[msg]execute Controller_App_Home_Index failed code[200] error[database conf error] file[/home/jerry/odp/app/BPF/system/db/Factory.php] line[72] time [13:50:44]
[msg]execute Controller_App_Home_Index failed code[200] error[database conf error] file[/home/jerry/odp/app/BPF/system/db/Factory.php] line[72] time [13:50:45]
[msg]execute Controller_App_Home_Index failed code[200] error[database conf error] file[/home/jerry/odp/app/BPF/system/db/Factory.php] line[72] time [13:50:45]
[msg]execute Controller_App_Home_Index failed code[100] error[/home/jerry/odp/app/BPF/system/service/zpp/User.php not found!] file[/home/jerry/odp/app/BPF/system/functions.php] line[29] time [13:51:23]
[msg]execute Controller_App_Home_Index failed code[100] error[/service/zpp/User.php not found!] file[/home/jerry/odp/app/BPF/system/functions.php] line[29] time [13:52:22]
[msg]execute Controller_App_Home_Index failed code[100] error[/service/zpp/User.php not found!] file[/home/jerry/odp/app/BPF/system/functions.php] line[29] time [13:52:23]
[msg]execute Controller_App_Home_Index failed code[100] error[/service/zpp/User.php not found!] file[/home/jerry/odp/app/BPF/system/functions.php] line[29] time [13:52:24]
[msg]execute Controller_App_Home_Index failed code[100] error[/service/zpp/User.php not found!] file[/home/jerry/odp/app/BPF/system/functions.php] line[29] time [13:52:24]
[msg]execute Controller_App_Home_Index failed code[100] error[/service/zpp/User.php not found!] file[/home/jerry/odp/app/BPF/system/functions.php] line[29] time [13:52:24]
[msg]execute Controller_App_Home_Index failed code[100] error[/service/zpp/User.php not found!] file[/home/jerry/odp/app/BPF/system/functions.php] line[29] time [13:52:24]
[msg]execute Controller_App_Home_Index failed code[100] error[/service/zpp/User.php not found!] file[/home/jerry/odp/app/BPF/system/functions.php] line[29] time [13:52:24]
[msg]execute Controller_App_Home_Index failed code[100] error[/service/zpp/User.php not found!] file[/home/jerry/odp/app/BPF/system/functions.php] line[29] time [13:52:24]
[msg]execute Controller_App_Home_Index failed code[100] error[/service/zpp/User.php not found!] file[/home/jerry/odp/app/BPF/system/functions.php] line[29] time [13:52:24]
[msg]execute Controller_App_Home_Index failed code[100] error[User not found!] file[/home/jerry/odp/app/BPF/system/functions.php] line[28] time [13:53:07]
[msg]execute Controller_App_Home_Index failed code[100] error[Service_zpp_User not found!] file[/home/jerry/odp/app/BPF/system/functions.php] line[29] time [13:53:38]
[msg]execute Controller_App_Home_Index failed code[100] error[class not found] file[/home/jerry/odp/app/BPF/system/functions.php] line[29] time [13:54:48]
[msg]execute Controller_App_Home_Index failed code[100] error[class not found] file[/home/jerry/odp/app/BPF/system/functions.php] line[29] time [13:54:49]
[msg]execute Controller_App_Home_Index failed code[100] error[Service_zpp_Userclass not found] file[/home/jerry/odp/app/BPF/system/functions.php] line[29] time [13:55:21]
[msg]execute Controller_App_Home_Index failed code[100] error[Service_zpp_Userclass not found] file[/home/jerry/odp/app/BPF/system/functions.php] line[29] time [13:55:21]
[msg]execute Controller_App_Home_Index failed code[100] error[Service_zpp_Userclass not found] file[/home/jerry/odp/app/BPF/system/functions.php] line[29] time [13:55:22]
[msg]execute Controller_App_Home_Index failed code[100] error[Service_zpp_Userclass not found] file[/home/jerry/odp/app/BPF/system/functions.php] line[29] time [13:55:22]
[msg]execute Controller_App_Home_Index failed code[100] error[Service_zpp_Userclass not found] file[/home/jerry/odp/app/BPF/system/functions.php] line[29] time [13:55:22]
