This file contains any messages produced by compilers while
running configure, to aid debugging if configure makes a mistake.

It was created by configure, which was
generated by GNU Autoconf 2.68.  Invocation command line was

  $ ./configure --with-php-config=/usr/local/php-5.4.0/bin/php-config

## --------- ##
## Platform. ##
## --------- ##

hostname = jerry
uname -m = x86_64
uname -r = 3.2.0-34-generic
uname -s = Linux
uname -v = #53-Ubuntu SMP Thu Nov 15 10:48:16 UTC 2012

/usr/bin/uname -p = unknown
/bin/uname -X     = unknown

/bin/arch              = unknown
/usr/bin/arch -k       = unknown
/usr/convex/getsysinfo = unknown
/usr/bin/hostinfo      = unknown
/bin/machine           = unknown
/usr/bin/oslevel       = unknown
/bin/universe          = unknown

PATH: /usr/lib/lightdm/lightdm
PATH: /usr/local/sbin
PATH: /usr/local/bin
PATH: /usr/sbin
PATH: /usr/bin
PATH: /sbin
PATH: /bin
PATH: /usr/games


## ----------- ##
## Core tests. ##
## ----------- ##

configure:2275: checking for grep that handles long lines and -e
configure:2333: result: /bin/grep
configure:2338: checking for egrep
configure:2400: result: /bin/grep -E
configure:2405: checking for a sed that does not truncate output
configure:2459: result: /bin/sed
configure:2591: checking for cc
configure:2607: found /usr/bin/cc
configure:2618: result: cc
configure:2649: checking for C compiler version
configure:2658: cc --version >&5
cc (Ubuntu/Linaro 4.6.3-1ubuntu5) 4.6.3
Copyright (C) 2011 Free Software Foundation, Inc.
This is free software; see the source for copying conditions.  There is NO
warranty; not even for MERCHANTABILITY or FITNESS FOR A PARTICULAR PURPOSE.

configure:2669: $? = 0
configure:2658: cc -v >&5
Using built-in specs.
COLLECT_GCC=cc
COLLECT_LTO_WRAPPER=/usr/lib/gcc/x86_64-linux-gnu/4.6/lto-wrapper
Target: x86_64-linux-gnu
Configured with: ../src/configure -v --with-pkgversion='Ubuntu/Linaro 4.6.3-1ubuntu5' --with-bugurl=file:///usr/share/doc/gcc-4.6/README.Bugs --enable-languages=c,c++,fortran,objc,obj-c++ --prefix=/usr --program-suffix=-4.6 --enable-shared --enable-linker-build-id --with-system-zlib --libexecdir=/usr/lib --without-included-gettext --enable-threads=posix --with-gxx-include-dir=/usr/include/c++/4.6 --libdir=/usr/lib --enable-nls --with-sysroot=/ --enable-clocale=gnu --enable-libstdcxx-debug --enable-libstdcxx-time=yes --enable-gnu-unique-object --enable-plugin --enable-objc-gc --disable-werror --with-arch-32=i686 --with-tune=generic --enable-checking=release --build=x86_64-linux-gnu --host=x86_64-linux-gnu --target=x86_64-linux-gnu
Thread model: posix
gcc version 4.6.3 (Ubuntu/Linaro 4.6.3-1ubuntu5) 
configure:2669: $? = 0
configure:2658: cc -V >&5
cc: error: unrecognized option '-V'
cc: fatal error: no input files
compilation terminated.
configure:2669: $? = 4
configure:2658: cc -qversion >&5
cc: error: unrecognized option '-qversion'
cc: fatal error: no input files
compilation terminated.
configure:2669: $? = 4
configure:2689: checking whether the C compiler works
configure:2711: cc    conftest.c  >&5
configure:2715: $? = 0
configure:2763: result: yes
configure:2766: checking for C compiler default output file name
configure:2768: result: a.out
configure:2774: checking for suffix of executables
configure:2781: cc -o conftest    conftest.c  >&5
configure:2785: $? = 0
configure:2807: result: 
configure:2829: checking whether we are cross compiling
configure:2837: cc -o conftest    conftest.c  >&5
configure:2841: $? = 0
configure:2848: ./conftest
configure:2852: $? = 0
configure:2867: result: no
configure:2872: checking for suffix of object files
configure:2894: cc -c   conftest.c >&5
configure:2898: $? = 0
configure:2919: result: o
configure:2923: checking whether we are using the GNU C compiler
configure:2942: cc -c   conftest.c >&5
configure:2942: $? = 0
configure:2951: result: yes
configure:2960: checking whether cc accepts -g
configure:2980: cc -c -g  conftest.c >&5
configure:2980: $? = 0
configure:3021: result: yes
configure:3038: checking for cc option to accept ISO C89
configure:3102: cc  -c -g -O2  conftest.c >&5
configure:3102: $? = 0
configure:3115: result: none needed
configure:3141: checking how to run the C preprocessor
configure:3172: cc -E  conftest.c
configure:3172: $? = 0
configure:3186: cc -E  conftest.c
conftest.c:9:28: fatal error: ac_nonexistent.h: No such file or directory
compilation terminated.
configure:3186: $? = 1
configure: failed program was:
| /* confdefs.h */
| #define PACKAGE_NAME ""
| #define PACKAGE_TARNAME ""
| #define PACKAGE_VERSION ""
| #define PACKAGE_STRING ""
| #define PACKAGE_BUGREPORT ""
| #define PACKAGE_URL ""
| /* end confdefs.h.  */
| #include <ac_nonexistent.h>
configure:3211: result: cc -E
configure:3231: cc -E  conftest.c
configure:3231: $? = 0
configure:3245: cc -E  conftest.c
conftest.c:9:28: fatal error: ac_nonexistent.h: No such file or directory
compilation terminated.
configure:3245: $? = 1
configure: failed program was:
| /* confdefs.h */
| #define PACKAGE_NAME ""
| #define PACKAGE_TARNAME ""
| #define PACKAGE_VERSION ""
| #define PACKAGE_STRING ""
| #define PACKAGE_BUGREPORT ""
| #define PACKAGE_URL ""
| /* end confdefs.h.  */
| #include <ac_nonexistent.h>
configure:3276: checking for icc
configure:3285: result: no
configure:3299: checking for suncc
configure:3308: result: no
configure:3326: checking whether cc understands -c and -o together
configure:3354: cc -c conftest.c -o conftest2.o >&5
configure:3358: $? = 0
configure:3364: cc -c conftest.c -o conftest2.o >&5
configure:3368: $? = 0
configure:3423: result: yes
configure:3437: checking for system library directory
configure:3452: result: lib
configure:3459: checking if compiler supports -R
configure:3478: cc -o conftest -g -O2   conftest.c -R /usr/lib  >&5
cc: error: unrecognized option '-R'
configure:3478: $? = 1
configure: failed program was:
| /* confdefs.h */
| #define PACKAGE_NAME ""
| #define PACKAGE_TARNAME ""
| #define PACKAGE_VERSION ""
| #define PACKAGE_STRING ""
| #define PACKAGE_BUGREPORT ""
| #define PACKAGE_URL ""
| /* end confdefs.h.  */
| 
| int
| main ()
| {
| 
|   ;
|   return 0;
| }
configure:3488: result: no
configure:3493: checking if compiler supports -Wl,-rpath,
configure:3512: cc -o conftest -g -O2   conftest.c -Wl,-rpath,/usr/lib  >&5
configure:3512: $? = 0
configure:3522: result: yes
configure:3567: checking build system type
configure:3581: result: x86_64-unknown-linux-gnu
configure:3601: checking host system type
configure:3614: result: x86_64-unknown-linux-gnu
configure:3634: checking target system type
configure:3647: result: x86_64-unknown-linux-gnu
configure:3750: checking for PHP prefix
configure:3752: result: /usr/local/php-5.4.0
configure:3754: checking for PHP includes
configure:3756: result: -I/usr/local/php-5.4.0/include/php -I/usr/local/php-5.4.0/include/php/main -I/usr/local/php-5.4.0/include/php/TSRM -I/usr/local/php-5.4.0/include/php/Zend -I/usr/local/php-5.4.0/include/php/ext -I/usr/local/php-5.4.0/include/php/ext/date/lib
configure:3758: checking for PHP extension directory
configure:3760: result: /usr/local/php-5.4.0/lib/php/extensions/no-debug-non-zts-20100525
configure:3762: checking for PHP installed headers prefix
configure:3764: result: /usr/local/php-5.4.0/include/php
configure:3767: checking if debug is enabled
configure:3793: result: no
configure:3796: checking if zts is enabled
configure:3822: result: no
configure:3893: checking for re2c
configure:3923: result: no
configure:3948: WARNING: You will need re2c 0.13.4 or later if you want to regenerate PHP parsers.
configure:3962: checking for gawk
configure:3993: result: no
configure:3962: checking for nawk
configure:3979: found /usr/bin/nawk
configure:3990: result: nawk
configure:4013: checking if nawk is broken
configure:4020: result: no
configure:4034: checking whether to enable xhprof support
configure:4073: result: yes, shared
configure:4468: checking for ld used by cc
configure:4535: result: /usr/bin/ld
configure:4542: checking if the linker (/usr/bin/ld) is GNU ld
configure:4557: result: yes
configure:4562: checking for /usr/bin/ld option to reload object files
configure:4569: result: -r
configure:4587: checking for BSD-compatible nm
configure:4636: result: /usr/bin/nm -B
configure:4640: checking whether ln -s works
configure:4644: result: yes
configure:4651: checking how to recognize dependent libraries
configure:4837: result: pass_all
configure:4922: cc -c -g -O2  conftest.c >&5
configure:4925: $? = 0
configure:5049: checking for ANSI C header files
configure:5069: cc -c -g -O2  conftest.c >&5
configure:5069: $? = 0
configure:5142: cc -o conftest -g -O2   conftest.c  >&5
configure:5142: $? = 0
configure:5142: ./conftest
configure:5142: $? = 0
configure:5153: result: yes
configure:5166: checking for sys/types.h
configure:5166: cc -c -g -O2  conftest.c >&5
configure:5166: $? = 0
configure:5166: result: yes
configure:5166: checking for sys/stat.h
configure:5166: cc -c -g -O2  conftest.c >&5
configure:5166: $? = 0
configure:5166: result: yes
configure:5166: checking for stdlib.h
configure:5166: cc -c -g -O2  conftest.c >&5
configure:5166: $? = 0
configure:5166: result: yes
configure:5166: checking for string.h
configure:5166: cc -c -g -O2  conftest.c >&5
configure:5166: $? = 0
configure:5166: result: yes
configure:5166: checking for memory.h
configure:5166: cc -c -g -O2  conftest.c >&5
configure:5166: $? = 0
configure:5166: result: yes
configure:5166: checking for strings.h
configure:5166: cc -c -g -O2  conftest.c >&5
configure:5166: $? = 0
configure:5166: result: yes
configure:5166: checking for inttypes.h
configure:5166: cc -c -g -O2  conftest.c >&5
configure:5166: $? = 0
configure:5166: result: yes
configure:5166: checking for stdint.h
configure:5166: cc -c -g -O2  conftest.c >&5
configure:5166: $? = 0
configure:5166: result: yes
configure:5166: checking for unistd.h
configure:5166: cc -c -g -O2  conftest.c >&5
configure:5166: $? = 0
configure:5166: result: yes
configure:5180: checking dlfcn.h usability
configure:5180: cc -c -g -O2  conftest.c >&5
configure:5180: $? = 0
configure:5180: result: yes
configure:5180: checking dlfcn.h presence
configure:5180: cc -E  conftest.c
configure:5180: $? = 0
configure:5180: result: yes
configure:5180: checking for dlfcn.h
configure:5180: result: yes
configure:5202: checking the maximum length of command line arguments
configure:5314: result: 1572864
configure:5326: checking command to parse /usr/bin/nm -B output from cc object
configure:5431: cc -c -g -O2  conftest.c >&5
configure:5434: $? = 0
configure:5438: /usr/bin/nm -B conftest.o \| sed -n -e 's/^.*[ 	]\([ABCDGIRSTW][ABCDGIRSTW]*\)[ 	][ 	]*\([_A-Za-z][_A-Za-z0-9]*\)$/\1 \2 \2/p' \> conftest.nm
configure:5441: $? = 0
configure:5493: cc -o conftest -g -O2   conftest.c conftstm.o >&5
configure:5496: $? = 0
configure:5534: result: ok
configure:5538: checking for objdir
configure:5553: result: .libs
configure:5645: checking for ar
configure:5661: found /usr/bin/ar
configure:5672: result: ar
configure:5737: checking for ranlib
configure:5753: found /usr/bin/ranlib
configure:5764: result: ranlib
configure:5829: checking for strip
configure:5845: found /usr/bin/strip
configure:5856: result: strip
configure:6425: checking if cc supports -fno-rtti -fno-exceptions
configure:6443: cc -c -g -O2  -fno-rtti -fno-exceptions conftest.c >&5
cc1: warning: command line option '-fno-rtti' is valid for C++/ObjC++ but not for C [enabled by default]
configure:6447: $? = 0
configure:6460: result: no
configure:6475: checking for cc option to produce PIC
configure:6715: result: -fPIC
configure:6723: checking if cc PIC flag -fPIC works
configure:6741: cc -c -g -O2  -fPIC -DPIC conftest.c >&5
configure:6745: $? = 0
configure:6758: result: yes
configure:6786: checking if cc static flag -static works
configure:6814: result: yes
configure:6824: checking if cc supports -c -o file.o
configure:6845: cc -c -g -O2  -o out/conftest2.o conftest.c >&5
configure:6849: $? = 0
configure:6871: result: yes
configure:6897: checking whether the cc linker (/usr/bin/ld -m elf_x86_64) supports shared libraries
configure:7829: result: yes
configure:7850: checking whether -lc should be explicitly linked in
configure:7855: cc -c -g -O2  conftest.c >&5
configure:7858: $? = 0
configure:7873: cc -shared conftest.o  -v -Wl,-soname -Wl,conftest -o conftest 2\>\&1 \| grep  -lc  \>/dev/null 2\>\&1
configure:7876: $? = 0
configure:7888: result: no
configure:7896: checking dynamic linker characteristics
configure:8498: result: GNU/Linux ld.so
configure:8522: checking how to hardcode library paths into programs
configure:8547: result: immediate
configure:8561: checking whether stripping libraries is possible
configure:8566: result: yes
configure:9083: checking if libtool supports shared libraries
configure:9085: result: yes
configure:9088: checking whether to build shared libraries
configure:9109: result: yes
configure:9112: checking whether to build static libraries
configure:9116: result: no
configure:9211: result:
creating libtool
configure:12914: creating ./config.status

## ---------------------- ##
## Running config.status. ##
## ---------------------- ##

This file was extended by config.status, which was
generated by GNU Autoconf 2.68.  Invocation command line was

  CONFIG_FILES    = 
  CONFIG_HEADERS  = 
  CONFIG_LINKS    = 
  CONFIG_COMMANDS = 
  $ ./config.status 

on jerry

config.status:688: creating config.h

## ---------------- ##
## Cache variables. ##
## ---------------- ##

ac_cv_build=x86_64-unknown-linux-gnu
ac_cv_c_compiler_gnu=yes
ac_cv_env_CC_set=
ac_cv_env_CC_value=
ac_cv_env_CFLAGS_set=
ac_cv_env_CFLAGS_value=
ac_cv_env_CPPFLAGS_set=
ac_cv_env_CPPFLAGS_value=
ac_cv_env_CPP_set=
ac_cv_env_CPP_value=
ac_cv_env_LDFLAGS_set=
ac_cv_env_LDFLAGS_value=
ac_cv_env_LIBS_set=
ac_cv_env_LIBS_value=
ac_cv_env_build_alias_set=
ac_cv_env_build_alias_value=
ac_cv_env_host_alias_set=
ac_cv_env_host_alias_value=
ac_cv_env_target_alias_set=
ac_cv_env_target_alias_value=
ac_cv_header_dlfcn_h=yes
ac_cv_header_inttypes_h=yes
ac_cv_header_memory_h=yes
ac_cv_header_stdc=yes
ac_cv_header_stdint_h=yes
ac_cv_header_stdlib_h=yes
ac_cv_header_string_h=yes
ac_cv_header_strings_h=yes
ac_cv_header_sys_stat_h=yes
ac_cv_header_sys_types_h=yes
ac_cv_header_unistd_h=yes
ac_cv_host=x86_64-unknown-linux-gnu
ac_cv_objext=o
ac_cv_path_EGREP='/bin/grep -E'
ac_cv_path_GREP=/bin/grep
ac_cv_prog_AWK=nawk
ac_cv_prog_CPP='cc -E'
ac_cv_prog_ac_ct_AR=ar
ac_cv_prog_ac_ct_CC=cc
ac_cv_prog_ac_ct_RANLIB=ranlib
ac_cv_prog_ac_ct_STRIP=strip
ac_cv_prog_cc_c89=
ac_cv_prog_cc_cc_c_o=yes
ac_cv_prog_cc_g=yes
ac_cv_target=x86_64-unknown-linux-gnu
lt_cv_deplibs_check_method=pass_all
lt_cv_file_magic_cmd='$MAGIC_CMD'
lt_cv_file_magic_test_file=
lt_cv_ld_reload_flag=-r
lt_cv_objdir=.libs
lt_cv_path_LD=/usr/bin/ld
lt_cv_path_NM='/usr/bin/nm -B'
lt_cv_path_SED=/bin/sed
lt_cv_prog_compiler_c_o=yes
lt_cv_prog_compiler_pic_works=yes
lt_cv_prog_compiler_rtti_exceptions=no
lt_cv_prog_compiler_static_works=yes
lt_cv_prog_gnu_ld=yes
lt_cv_sys_global_symbol_pipe='sed -n -e '\''s/^.*[ 	]\([ABCDGIRSTW][ABCDGIRSTW]*\)[ 	][ 	]*\([_A-Za-z][_A-Za-z0-9]*\)$/\1 \2 \2/p'\'''
lt_cv_sys_global_symbol_to_c_name_address='sed -n -e '\''s/^: \([^ ]*\) $/  {\"\1\", (lt_ptr) 0},/p'\'' -e '\''s/^[BCDEGRST] \([^ ]*\) \([^ ]*\)$/  {"\2", (lt_ptr) \&\2},/p'\'''
lt_cv_sys_global_symbol_to_cdecl='sed -n -e '\''s/^. .* \(.*\)$/extern int \1;/p'\'''
lt_cv_sys_lib_dlsearch_path_spec='/lib /usr/lib /usr/local/lib /lib/x86_64-linux-gnu /usr/lib/x86_64-linux-gnu /usr/lib/x86_64-linux-gnu/mesa '
lt_cv_sys_lib_search_path_spec='/usr/lib/gcc/x86_64-linux-gnu/4.6 /usr/lib/x86_64-linux-gnu /usr/lib /lib/x86_64-linux-gnu /lib'
lt_cv_sys_max_cmd_len=1572864
lt_lt_cv_prog_compiler_c_o='"yes"'
lt_lt_cv_sys_global_symbol_pipe='"sed -n -e '\''s/^.*[ 	]\\([ABCDGIRSTW][ABCDGIRSTW]*\\)[ 	][ 	]*\\([_A-Za-z][_A-Za-z0-9]*\\)\$/\\1 \\2 \\2/p'\''"'
lt_lt_cv_sys_global_symbol_to_c_name_address='"sed -n -e '\''s/^: \\([^ ]*\\) \$/  {\\\"\\1\\\", (lt_ptr) 0},/p'\'' -e '\''s/^[BCDEGRST] \\([^ ]*\\) \\([^ ]*\\)\$/  {\"\\2\", (lt_ptr) \\&\\2},/p'\''"'
lt_lt_cv_sys_global_symbol_to_cdecl='"sed -n -e '\''s/^. .* \\(.*\\)\$/extern int \\1;/p'\''"'
php_cv_cc_dashr=no
php_cv_cc_rpath=yes

## ----------------- ##
## Output variables. ##
## ----------------- ##

AR='ar'
AWK='nawk'
CC='cc'
CFLAGS='-g -O2'
CONFIGURE_COMMAND=' '\''./configure'\''  '\''--with-php-config=/usr/local/php-5.4.0/bin/php-config'\'''
CONFIGURE_OPTIONS=' '\''--with-php-config=/usr/local/php-5.4.0/bin/php-config'\'''
CPP='cc -E'
CPPFLAGS=' -DHAVE_CONFIG_H'
DEFS='-DHAVE_CONFIG_H'
DSYMUTIL=''
ECHO='echo'
ECHO_C=''
ECHO_N='-n'
ECHO_T=''
EGREP='/bin/grep -E'
EXEEXT=''
GREP='/bin/grep'
LDFLAGS=''
LIBOBJS=''
LIBS=''
LIBTOOL='$(SHELL) $(top_builddir)/libtool'
LN_S='ln -s'
LTLIBOBJS=''
NMEDIT=''
OBJEXT='o'
PACKAGE_BUGREPORT=''
PACKAGE_NAME=''
PACKAGE_STRING=''
PACKAGE_TARNAME=''
PACKAGE_URL=''
PACKAGE_VERSION=''
PATH_SEPARATOR=':'
RANLIB='ranlib'
RE2C='exit 0;'
SED='/bin/sed'
SHELL='/bin/bash'
SHLIB_DL_SUFFIX_NAME='so'
SHLIB_SUFFIX_NAME='so'
STRIP='strip'
ac_ct_CC='cc'
bindir='${exec_prefix}/bin'
build='x86_64-unknown-linux-gnu'
build_alias=''
build_cpu='x86_64'
build_os='linux-gnu'
build_vendor='unknown'
datadir='${datarootdir}'
datarootdir='${prefix}/share'
docdir='${datarootdir}/doc/${PACKAGE}'
dvidir='${docdir}'
exec_prefix='$(prefix)'
host='x86_64-unknown-linux-gnu'
host_alias='x86_64-unknown-linux-gnu'
host_cpu='x86_64'
host_os='linux-gnu'
host_vendor='unknown'
htmldir='${docdir}'
includedir='${prefix}/include'
infodir='${datarootdir}/info'
libdir='${exec_prefix}/lib'
libexecdir='${exec_prefix}/libexec'
localedir='${datarootdir}/locale'
localstatedir='${prefix}/var'
mandir='${datarootdir}/man'
oldincludedir='/usr/include'
pdfdir='${docdir}'
prefix='/usr/local/php-5.4.0'
program_transform_name='s,x,x,'
psdir='${docdir}'
sbindir='${exec_prefix}/sbin'
sharedstatedir='${prefix}/com'
sysconfdir='${prefix}/etc'
target='x86_64-unknown-linux-gnu'
target_alias=''
target_cpu='x86_64'
target_os='linux-gnu'
target_vendor='unknown'

## ----------- ##
## confdefs.h. ##
## ----------- ##

/* confdefs.h */
#define PACKAGE_NAME ""
#define PACKAGE_TARNAME ""
#define PACKAGE_VERSION ""
#define PACKAGE_STRING ""
#define PACKAGE_BUGREPORT ""
#define PACKAGE_URL ""
#define COMPILE_DL_XHPROF 1
#define STDC_HEADERS 1
#define HAVE_SYS_TYPES_H 1
#define HAVE_SYS_STAT_H 1
#define HAVE_STDLIB_H 1
#define HAVE_STRING_H 1
#define HAVE_MEMORY_H 1
#define HAVE_STRINGS_H 1
#define HAVE_INTTYPES_H 1
#define HAVE_STDINT_H 1
#define HAVE_UNISTD_H 1
#define HAVE_DLFCN_H 1

configure: exit 0
